Thu May 10 17:29:09 CEST 2018
MaxEnt version 3.3.3k
Reading file absence
readGrid: max memory 514850816, total allocated 514850816, free 395829280, used 119021536, increment 80879744
Reading samples from presence
Read samples: max memory 514850816, total allocated 514850816, free 395829280, used 119021536, increment 0
Adding samples to background in feature space
Command line used:  autorun -e tmp_Maxent_2018-05-10_17.29.09_/absence -o tmp_Maxent_2018-05-10_17.29.09_ -s tmp_Maxent_2018-05-10_17.29.09_/presence -z linear=true quadratic=true hinge=true product=true threshold=false
Command line to repeat: java density.MaxEnt nowarnings noprefixes outputdirectory=tmp_Maxent_2018-05-10_17.29.09_ samplesfile=tmp_Maxent_2018-05-10_17.29.09_/presence environmentallayers=tmp_Maxent_2018-05-10_17.29.09_/absence nothreshold autorun novisible
Species: species
Layers: SegSumT USRainDays USSlope
Layertypes: Continuous Continuous Continuous
outputdirectory: tmp_Maxent_2018-05-10_17.29.09_
samplesfile: tmp_Maxent_2018-05-10_17.29.09_/presence
environmentallayers: tmp_Maxent_2018-05-10_17.29.09_/absence
threshold: false
autorun: true
visible: false

getSamples: max memory 514850816, total allocated 514850816, free 395829280, used 119021536, increment 0
Making features
makeFeatures: max memory 514850816, total allocated 514850816, free 395829280, used 119021536, increment 0
species: 
Regularization values: linear/quadratic/product: 1.000, categorical: 0.635, threshold: 1.990, hinge: 0.500
1 samples
Density: max memory 514850816, total allocated 514850816, free 395829280, used 119021536, increment 0
linearPredictor: max memory 514850816, total allocated 514850816, free 395829280, used 119021536, increment 0
FeaturedSpace: max memory 514850816, total allocated 514850816, free 395829280, used 119021536, increment 0
Sequential: max memory 514850816, total allocated 514850816, free 395829280, used 119021536, increment 0
Initial loss: 0.6931471805599453
20: time = 0.001000 loss = 0.693147
Resulting gain: 0.0
Leaving out Equate entropy of thresholded and original distributions from threshold table, as uninitialized
Projecting...
Writing file tmp_Maxent_2018-05-10_17.29.09_\species.csv
Ending
