\BOOKMARK [1][-]{Rfn.boycei.1}{boycei}{}% 1
\BOOKMARK [1][-]{Rfn.ceval.1}{ceval}{}% 2
\BOOKMARK [1][-]{Rfn.copy.Rul.PseuAbs.1}{copy\137PseuAbs}{}% 3
\BOOKMARK [1][-]{Rfn.create.Rul.envstrat.1}{create\137envstrat}{}% 4
\BOOKMARK [1][-]{Rfn.df.Rul.or.Rul.rast.1}{df\137or\137rast}{}% 5
\BOOKMARK [1][-]{Rfn.eco.adj.D2.glm.1}{eco.adj.D2.glm}{}% 6
\BOOKMARK [1][-]{Rfn.ecoBoyce.1}{ecoBoyce}{}% 7
\BOOKMARK [1][-]{Rfn.fitdoc.1}{fitdoc}{}% 8
\BOOKMARK [1][-]{Rfn.fitppm.1}{fitppm}{}% 9
\BOOKMARK [1][-]{Rfn.get.Rul.thres.1}{get\137thres}{}% 10
\BOOKMARK [1][-]{Rfn.hde.1}{hde}{}% 11
\BOOKMARK [1][-]{Rfn.make.Rul.blocks.1}{make\137blocks}{}% 12
\BOOKMARK [1][-]{Rfn.make.Rul.tiles.1}{make\137tiles}{}% 13
\BOOKMARK [1][-]{Rfn.multi.1}{multi}{}% 14
\BOOKMARK [1][-]{Rfn.multi.input.Rdash.class.1}{multi.input-class}{}% 15
\BOOKMARK [1][-]{Rfn.optme.1}{optme}{}% 16
\BOOKMARK [1][-]{Rfn.prd.pa.1}{prd.pa}{}% 17
\BOOKMARK [1][-]{Rfn.prd.pres.1}{prd.pres}{}% 18
\BOOKMARK [1][-]{Rfn.preps.1}{preps}{}% 19
\BOOKMARK [1][-]{Rfn.preva.meta.1}{preva.meta}{}% 20
\BOOKMARK [1][-]{Rfn.prop.sampling.1}{prop.sampling}{}% 21
\BOOKMARK [1][-]{Rfn.pseu.targr.1}{pseu.targr}{}% 22
\BOOKMARK [1][-]{Rfn.stratify.1}{stratify}{}% 23
\BOOKMARK [1][-]{Rfn.thin.Rul.them.1}{thin\137them}{}% 24
\BOOKMARK [1][-]{Rfn.upsample.Rul.strategic.1}{upsample\137strategic}{}% 25
\BOOKMARK [1][-]{Rfn.upsample.Rul.thin.1}{upsample\137thin}{}% 26
\BOOKMARK [1][-]{Rfn.wsl.ebc.1}{wsl.ebc}{}% 27
\BOOKMARK [1][-]{Rfn.wsl.evaluate.pa.1}{wsl.evaluate.pa}{}% 28
\BOOKMARK [1][-]{Rfn.wsl.evaluate.pres.1}{wsl.evaluate.pres}{}% 29
\BOOKMARK [1][-]{Rfn.wsl.evaluation.Rdash.class.1}{wsl.evaluation-class}{}% 30
\BOOKMARK [1][-]{Rfn.wsl.fit.Rdash.class.1}{wsl.fit-class}{}% 31
\BOOKMARK [1][-]{Rfn.wsl.obs.filter.1}{wsl.obs.filter}{}% 32
\BOOKMARK [1][-]{Rfn.wsl.ppm.env.1}{wsl.ppm.env}{}% 33
\BOOKMARK [1][-]{Rfn.wsl.ppm.qscheme.1}{wsl.ppm.qscheme}{}% 34
\BOOKMARK [1][-]{Rfn.wsl.ppm.window.1}{wsl.ppm.window}{}% 35
\BOOKMARK [1][-]{Rfn.wsl.predict.pa.1}{wsl.predict.pa}{}% 36
\BOOKMARK [1][-]{Rfn.wsl.predict.pres.1}{wsl.predict.pres}{}% 37
\BOOKMARK [1][-]{Rfn.wsl.prediction.Rdash.class.1}{wsl.prediction-class}{}% 38
\BOOKMARK [1][-]{Rfn.wsl.pseudoabsences.Rdash.class.1}{wsl.pseudoabsences-class}{}% 39
\BOOKMARK [1][-]{Rfn.wsl.quadrature.1}{wsl.quadrature}{}% 40
\BOOKMARK [1][-]{Rfn.wsl.quads.Rdash.class.1}{wsl.quads-class}{}% 41
\BOOKMARK [1][-]{Rfn.wsl.samplePseuAbs.1}{wsl.samplePseuAbs}{}% 42
\BOOKMARK [1][-]{Rfn.wsl.test.quads.1}{wsl.test.quads}{}% 43
\BOOKMARK [1][-]{Rfn.wsl.varKeep.1}{wsl.varKeep}{}% 44
\BOOKMARK [1][-]{Rfn.wsl.varPPower.1}{wsl.varPPower}{}% 45
\BOOKMARK [0][-]{index.0}{Index}{}% 46
